[2024-11-25 13:36:56] [INFO] ILogger - === Test Suite [ChromeTest] STARTED ===
[2024-11-25 13:36:56] [INFO] ILogger - === Test Suite [FirefoxTest] STARTED ===
[2024-11-25 13:37:14] [INFO] ILogger - >>> Test [simpleFormDemoTest] STARTED with parameters: browser=chrome, version=95, platform=Windows 10
[2024-11-25 13:37:22] [INFO] ILogger - >>> Test [simpleFormDemoTest] PASSED
[2024-11-25 13:37:22] [INFO] ILogger - === Test Suite [ChromeTest] FINISHED ===
[2024-11-25 13:37:22] [INFO] ILogger - === Test Suite [EdgeTest] STARTED ===
[2024-11-25 13:37:57] [INFO] ILogger - >>> Test [simpleFormDemoTest] STARTED with parameters: browser=edge, version=95, platform=macOS Ventura
[2024-11-25 13:38:06] [INFO] ILogger - >>> Test [simpleFormDemoTest] PASSED
[2024-11-25 13:38:06] [INFO] ILogger - === Test Suite [EdgeTest] FINISHED ===
[2024-11-25 13:40:04] [INFO] ILogger - >>> Test [simpleFormDemoTest] STARTED with parameters: browser=firefox, version=100, platform=Windows 8
[2024-11-25 13:40:04] [WARN] ILogger - >>> Test [simpleFormDemoTest] SKIPPED
[2024-11-25 13:40:04] [WARN] ILogger - org.openqa.selenium.TimeoutException: java.util.concurrent.TimeoutException
Build info: version: '4.26.0', revision: '8ccf0219d7'
System info: os.name: 'Windows 11', os.arch: 'amd64', os.version: '10.0', java.version: '21.0.5'
Driver info: org.openqa.selenium.remote.RemoteWebDriver
Command: [d4425ba6-8e45-4455-8be6-5589cb089c4c, setTimeout {implicit=1000}]
Capabilities {acceptInsecureCerts: true, browserName: firefox, browserVersion: 100.0, moz:accessibilityChecks: false, moz:buildID: 20220419190903, moz:geckodriverVersion: 0.31.0, moz:headless: false, moz:processID: 1096, moz:profile: C:\Users\ltuser\AppData\Loc..., moz:shutdownTimeout: 60000, moz:useNonSpecCompliantPointerOrigin: false, moz:webdriverClick: true, pageLoadStrategy: normal, platformName: windows, platformVersion: 6.2, proxy: Proxy(), setWindowRect: true, strictFileInteractability: false, timeouts: {implicit: 0, pageLoad: 300000, script: 30000}, unhandledPromptBehavior: dismiss and notify}
Session ID: d4425ba6-8e45-4455-8be6-5589cb089c4c
[2024-11-25 13:40:04] [WARN] ILogger - [BaseTest.setUp(java.lang.String,java.lang.String,java.lang.String)[pri:0, instance:SimpleFormDemoTest@56cc9f29]]
[2024-11-25 13:40:04] [INFO] ILogger - === Test Suite [FirefoxTest] FINISHED ===
[2024-11-25 13:45:55] [INFO] ILogger - === Test Suite [FirefoxTest] STARTED ===
[2024-11-25 13:45:55] [INFO] ILogger - === Test Suite [ChromeTest] STARTED ===
[2024-11-25 13:46:09] [INFO] ILogger - >>> Test [simpleFormDemoTest] STARTED with parameters: browser=firefox, version=100, platform=Windows 10
[2024-11-25 13:46:11] [INFO] ILogger - >>> Test [simpleFormDemoTest] STARTED with parameters: browser=chrome, version=95, platform=Windows 10
[2024-11-25 13:46:16] [INFO] ILogger - >>> Test [simpleFormDemoTest] PASSED
[2024-11-25 13:46:17] [INFO] ILogger - === Test Suite [FirefoxTest] FINISHED ===
[2024-11-25 13:46:17] [INFO] ILogger - === Test Suite [EdgeTest] STARTED ===
[2024-11-25 13:46:17] [INFO] ILogger - >>> Test [simpleFormDemoTest] PASSED
[2024-11-25 13:46:17] [INFO] ILogger - === Test Suite [ChromeTest] FINISHED ===
[2024-11-25 13:47:01] [INFO] ILogger - >>> Test [simpleFormDemoTest] STARTED with parameters: browser=edge, version=95, platform=macOS Ventura
[2024-11-25 13:47:11] [INFO] ILogger - >>> Test [simpleFormDemoTest] PASSED
[2024-11-25 13:47:11] [INFO] ILogger - === Test Suite [EdgeTest] FINISHED ===
[2024-11-25 15:16:25] [INFO] ILogger - === Test Suite [FirefoxTest] STARTED ===
[2024-11-25 15:16:25] [INFO] ILogger - === Test Suite [ChromeTest] STARTED ===
[2024-11-25 15:16:42] [INFO] ILogger - >>> Test [simpleFormDemoTest] STARTED with parameters: browser=firefox, version=100, platform=Windows 10
[2024-11-25 15:16:45] [INFO] ILogger - >>> Test [simpleFormDemoTest] STARTED with parameters: browser=chrome, version=95, platform=Windows 10
[2024-11-25 15:16:47] [INFO] ILogger - >>> Test [simpleFormDemoTest] PASSED
[2024-11-25 15:16:49] [INFO] ILogger - === Test Suite [FirefoxTest] FINISHED ===
[2024-11-25 15:16:49] [INFO] ILogger - === Test Suite [EdgeTest] STARTED ===
[2024-11-25 15:16:50] [INFO] ILogger - >>> Test [simpleFormDemoTest] PASSED
[2024-11-25 15:16:50] [INFO] ILogger - === Test Suite [ChromeTest] FINISHED ===
[2024-11-25 15:17:00] [INFO] ILogger - >>> Test [simpleFormDemoTest] STARTED with parameters: browser=edge, version=95, platform=macOS Ventura
[2024-11-25 15:17:03] [INFO] ILogger - >>> Test [simpleFormDemoTest] PASSED
[2024-11-25 15:17:04] [INFO] ILogger - === Test Suite [EdgeTest] FINISHED ===
[2024-11-25 15:17:42] [INFO] ILogger - === Test Suite [FirefoxTest] STARTED ===
[2024-11-25 15:17:42] [INFO] ILogger - === Test Suite [ChromeTest] STARTED ===
[2024-11-25 15:17:56] [INFO] ILogger - >>> Test [testDragAndDropSliders] STARTED with parameters: browser=firefox, version=100, platform=Windows 10
[2024-11-25 15:18:01] [INFO] ILogger - >>> Test [testDragAndDropSliders] STARTED with parameters: browser=chrome, version=95, platform=Windows 10
[2024-11-25 15:18:06] [ERROR] ILogger - === Test Suite [testDragAndDropSliders] FAILED ===
[2024-11-25 15:18:06] [INFO] ILogger - Attempting to take screenshot
[2024-11-25 15:18:06] [INFO] ILogger - Screenshot is taken
[2024-11-25 15:18:06] [INFO] ILogger - === Test Suite [ChromeTest] FINISHED ===
[2024-11-25 15:18:06] [INFO] ILogger - === Test Suite [EdgeTest] STARTED ===
[2024-11-25 15:18:06] [ERROR] ILogger - === Test Suite [testDragAndDropSliders] FAILED ===
[2024-11-25 15:18:06] [INFO] ILogger - Attempting to take screenshot
[2024-11-25 15:18:07] [INFO] ILogger - Screenshot is taken
[2024-11-25 15:18:08] [INFO] ILogger - === Test Suite [FirefoxTest] FINISHED ===
[2024-11-25 15:18:42] [INFO] ILogger - >>> Test [testDragAndDropSliders] STARTED with parameters: browser=edge, version=95, platform=macOS Ventura
[2024-11-25 15:18:51] [ERROR] ILogger - === Test Suite [testDragAndDropSliders] FAILED ===
[2024-11-25 15:18:51] [INFO] ILogger - Attempting to take screenshot
[2024-11-25 15:18:52] [INFO] ILogger - Screenshot is taken
[2024-11-25 15:18:52] [INFO] ILogger - === Test Suite [EdgeTest] FINISHED ===
[2024-11-25 15:33:42] [INFO] ILogger - === Test Suite [ChromeTest] STARTED ===
[2024-11-25 15:33:42] [INFO] ILogger - === Test Suite [FirefoxTest] STARTED ===
[2024-11-25 15:33:55] [INFO] ILogger - >>> Test [testDragAndDropSliders] STARTED with parameters: browser=firefox, version=100, platform=Windows 10
[2024-11-25 15:33:56] [INFO] ILogger - >>> Test [testDragAndDropSliders] STARTED with parameters: browser=chrome, version=95, platform=Windows 10
[2024-11-25 15:34:01] [ERROR] ILogger - === Test Suite [testDragAndDropSliders] FAILED ===
[2024-11-25 15:34:01] [INFO] ILogger - Attempting to take screenshot
[2024-11-25 15:34:02] [INFO] ILogger - Screenshot saved to screenshots/1732538042603.png
[2024-11-25 15:34:02] [INFO] ILogger - Screenshot is taken
[2024-11-25 15:34:03] [INFO] ILogger - === Test Suite [FirefoxTest] FINISHED ===
[2024-11-25 15:34:03] [INFO] ILogger - === Test Suite [EdgeTest] STARTED ===
[2024-11-25 15:34:03] [ERROR] ILogger - === Test Suite [testDragAndDropSliders] FAILED ===
[2024-11-25 15:34:03] [INFO] ILogger - Attempting to take screenshot
[2024-11-25 15:34:04] [INFO] ILogger - Screenshot saved to screenshots/1732538044856.png
[2024-11-25 15:34:04] [INFO] ILogger - Screenshot is taken
[2024-11-25 15:34:05] [INFO] ILogger - === Test Suite [ChromeTest] FINISHED ===
[2024-11-25 15:34:16] [INFO] ILogger - >>> Test [testDragAndDropSliders] STARTED with parameters: browser=edge, version=95, platform=macOS Ventura
[2024-11-25 15:34:23] [ERROR] ILogger - === Test Suite [testDragAndDropSliders] FAILED ===
[2024-11-25 15:34:23] [INFO] ILogger - Attempting to take screenshot
[2024-11-25 15:34:24] [INFO] ILogger - Screenshot saved to screenshots/1732538064190.png
[2024-11-25 15:34:24] [INFO] ILogger - Screenshot is taken
[2024-11-25 15:34:24] [INFO] ILogger - === Test Suite [EdgeTest] FINISHED ===
[2024-11-25 15:43:50] [INFO] ILogger - === Test Suite [ChromeTest] STARTED ===
[2024-11-25 15:43:50] [INFO] ILogger - === Test Suite [FirefoxTest] STARTED ===
[2024-11-25 15:44:03] [INFO] ILogger - >>> Test [testDragAndDropSliders] STARTED with parameters: browser=firefox, version=100, platform=Windows 10
[2024-11-25 15:44:07] [INFO] ILogger - >>> Test [testDragAndDropSliders] STARTED with parameters: browser=chrome, version=95, platform=Windows 10
[2024-11-25 15:44:08] [ERROR] ILogger - === Test Suite [testDragAndDropSliders] FAILED ===
[2024-11-25 15:44:08] [INFO] ILogger - Attempting to take screenshot
[2024-11-25 15:44:09] [INFO] ILogger - Screenshot saved to screenshots/1732538649129.png
[2024-11-25 15:44:09] [INFO] ILogger - Screenshot is taken
[2024-11-25 15:44:09] [INFO] ILogger - === Test Suite [FirefoxTest] FINISHED ===
[2024-11-25 15:44:09] [INFO] ILogger - === Test Suite [EdgeTest] STARTED ===
[2024-11-25 15:44:11] [ERROR] ILogger - === Test Suite [testDragAndDropSliders] FAILED ===
[2024-11-25 15:44:11] [INFO] ILogger - Attempting to take screenshot
[2024-11-25 15:44:12] [INFO] ILogger - Screenshot saved to screenshots/1732538652459.png
[2024-11-25 15:44:12] [INFO] ILogger - Screenshot is taken
[2024-11-25 15:44:12] [INFO] ILogger - === Test Suite [ChromeTest] FINISHED ===
[2024-11-25 15:44:19] [INFO] ILogger - >>> Test [testDragAndDropSliders] STARTED with parameters: browser=edge, version=95, platform=macOS Ventura
[2024-11-25 15:44:28] [ERROR] ILogger - === Test Suite [testDragAndDropSliders] FAILED ===
[2024-11-25 15:44:28] [INFO] ILogger - Attempting to take screenshot
[2024-11-25 15:44:28] [INFO] ILogger - Screenshot saved to screenshots/1732538668467.png
[2024-11-25 15:44:28] [INFO] ILogger - Screenshot is taken
[2024-11-25 15:44:28] [INFO] ILogger - === Test Suite [EdgeTest] FINISHED ===
[2024-11-25 15:49:21] [INFO] ILogger - === Test Suite [FirefoxTest] STARTED ===
[2024-11-25 15:49:21] [INFO] ILogger - === Test Suite [ChromeTest] STARTED ===
[2024-11-25 15:49:42] [INFO] ILogger - >>> Test [testDragAndDropSliders] STARTED with parameters: browser=firefox, version=100, platform=Windows 10
[2024-11-25 15:49:43] [INFO] ILogger - >>> Test [testDragAndDropSliders] STARTED with parameters: browser=chrome, version=95, platform=Windows 10
[2024-11-25 15:49:49] [INFO] ILogger - 15
[2024-11-25 15:49:51] [INFO] ILogger - 15
[2024-11-25 15:49:51] [ERROR] ILogger - === Test Suite [testDragAndDropSliders] FAILED ===
[2024-11-25 15:49:51] [INFO] ILogger - Attempting to take screenshot
[2024-11-25 15:49:52] [INFO] ILogger - Screenshot saved to screenshots/1732538992740.png
[2024-11-25 15:49:52] [INFO] ILogger - Screenshot is taken
[2024-11-25 15:49:52] [INFO] ILogger - === Test Suite [ChromeTest] FINISHED ===
[2024-11-25 15:49:52] [INFO] ILogger - === Test Suite [EdgeTest] STARTED ===
[2024-11-25 15:49:53] [ERROR] ILogger - === Test Suite [testDragAndDropSliders] FAILED ===
[2024-11-25 15:49:53] [INFO] ILogger - Attempting to take screenshot
[2024-11-25 15:49:54] [INFO] ILogger - Screenshot saved to screenshots/1732538994776.png
[2024-11-25 15:49:54] [INFO] ILogger - Screenshot is taken
[2024-11-25 15:49:57] [INFO] ILogger - === Test Suite [FirefoxTest] FINISHED ===
[2024-11-25 15:50:28] [INFO] ILogger - >>> Test [testDragAndDropSliders] STARTED with parameters: browser=edge, version=95, platform=macOS Ventura
[2024-11-25 15:50:34] [INFO] ILogger - 15
[2024-11-25 15:50:37] [ERROR] ILogger - === Test Suite [testDragAndDropSliders] FAILED ===
[2024-11-25 15:50:37] [INFO] ILogger - Attempting to take screenshot
[2024-11-25 15:50:38] [INFO] ILogger - Screenshot saved to screenshots/1732539038605.png
[2024-11-25 15:50:38] [INFO] ILogger - Screenshot is taken
[2024-11-25 15:50:38] [INFO] ILogger - === Test Suite [EdgeTest] FINISHED ===
[2024-11-25 15:56:15] [INFO] ILogger - === Test Suite [ChromeTest] STARTED ===
[2024-11-25 15:56:35] [INFO] ILogger - >>> Test [testDragAndDropSliders] STARTED with parameters: browser=chrome, version=95, platform=Windows 10
[2024-11-25 15:56:38] [INFO] ILogger - 15
[2024-11-25 15:56:39] [ERROR] ILogger - === Test Suite [testDragAndDropSliders] FAILED ===
[2024-11-25 15:56:39] [INFO] ILogger - Attempting to take screenshot
[2024-11-25 15:56:40] [INFO] ILogger - Screenshot saved to screenshots/1732539400231.png
[2024-11-25 15:56:40] [INFO] ILogger - Screenshot is taken
[2024-11-25 15:56:40] [INFO] ILogger - === Test Suite [ChromeTest] FINISHED ===
[2024-11-25 18:04:47] [INFO] ILogger - === Test Suite [ChromeTest] STARTED ===
[2024-11-25 18:05:02] [INFO] ILogger - >>> Test [testDragAndDropSliders] STARTED with parameters: browser=chrome, version=95, platform=Windows 10
[2024-11-25 18:05:06] [INFO] ILogger - 15
[2024-11-25 18:05:07] [ERROR] ILogger - === Test Suite [testDragAndDropSliders] FAILED ===
[2024-11-25 18:05:07] [INFO] ILogger - Attempting to take screenshot
[2024-11-25 18:05:07] [INFO] ILogger - Screenshot saved to screenshots/1732547107749.png
[2024-11-25 18:05:07] [INFO] ILogger - Screenshot is taken
[2024-11-25 18:05:07] [INFO] ILogger - === Test Suite [ChromeTest] FINISHED ===
